[debug] [2023-09-15T08:29:06.205Z] ----------------------------------------------------------------------
[debug] [2023-09-15T08:29:06.207Z] Command:       C:\Program Files\nodejs\node.exe C:\Users\SUSANTA DAS\AppData\Roaming\npm\node_modules\firebase-tools\lib\bin\firebase.js emulators:start
[debug] [2023-09-15T08:29:06.208Z] CLI Version:   12.5.3
[debug] [2023-09-15T08:29:06.208Z] Platform:      win32
[debug] [2023-09-15T08:29:06.208Z] Node Version:  v18.15.0
[debug] [2023-09-15T08:29:06.209Z] Time:          Fri Sep 15 2023 13:59:06 GMT+0530 (India Standard Time)
[debug] [2023-09-15T08:29:06.209Z] ----------------------------------------------------------------------
[debug] 
[debug] [2023-09-15T08:29:06.213Z] >>> [apiv2][query] GET https://firebase-public.firebaseio.com/cli.json [none]
[debug] [2023-09-15T08:29:06.335Z] > command requires scopes: ["email","openid","https://www.googleapis.com/auth/cloudplatformprojects.readonly","https://www.googleapis.com/auth/firebase","https://www.googleapis.com/auth/cloud-platform"]
[debug] [2023-09-15T08:29:06.336Z] > authorizing via signed-in user (2003subhasusanta@gmail.com)
[info] i  emulators: Starting emulators: functions, hosting {"metadata":{"emulator":{"name":"hub"},"message":"Starting emulators: functions, hosting"}}
[debug] [2023-09-15T08:29:06.347Z] [logging] Logging Emulator only supports listening on one address (127.0.0.1). Not listening on ::1
[debug] [2023-09-15T08:29:06.347Z] [hosting] Hosting Emulator only supports listening on one address (127.0.0.1). Not listening on ::1
[debug] [2023-09-15T08:29:06.347Z] assigned listening specs for emulators {"user":{"hub":[{"address":"127.0.0.1","family":"IPv4","port":4400},{"address":"::1","family":"IPv6","port":4400}],"ui":[{"address":"127.0.0.1","family":"IPv4","port":4000},{"address":"::1","family":"IPv6","port":4000}],"logging":[{"address":"127.0.0.1","family":"IPv4","port":4500}],"hosting":[{"address":"127.0.0.1","family":"IPv4","port":5000}]},"metadata":{"message":"assigned listening specs for emulators"}}
[debug] [2023-09-15T08:29:06.359Z] [hub] writing locator at C:\Users\SUSANT~1\AppData\Local\Temp\hub-clone-c7a43.json
[debug] [2023-09-15T08:29:06.378Z] [functions] Functions Emulator only supports listening on one address (127.0.0.1). Not listening on ::1
[debug] [2023-09-15T08:29:06.378Z] [eventarc] Eventarc Emulator only supports listening on one address (127.0.0.1). Not listening on ::1
[debug] [2023-09-15T08:29:06.378Z] late-assigned ports for functions and eventarc emulators {"user":{"hub":[{"address":"127.0.0.1","family":"IPv4","port":4400},{"address":"::1","family":"IPv6","port":4400}],"ui":[{"address":"127.0.0.1","family":"IPv4","port":4000},{"address":"::1","family":"IPv6","port":4000}],"logging":[{"address":"127.0.0.1","family":"IPv4","port":4500}],"hosting":[{"address":"127.0.0.1","family":"IPv4","port":5000}],"functions":[{"address":"127.0.0.1","family":"IPv4","port":5001}],"eventarc":[{"address":"127.0.0.1","family":"IPv4","port":9299}]},"metadata":{"message":"late-assigned ports for functions and eventarc emulators"}}
[warn] !  functions: The following emulators are not running, calls to these services from the Functions emulator will affect production: auth, firestore, database, pubsub, storage {"metadata":{"emulator":{"name":"functions"},"message":"The following emulators are not running, calls to these services from the Functions emulator will affect production: \u001b[1mauth, firestore, database, pubsub, storage\u001b[22m"}}
[debug] [2023-09-15T08:29:06.382Z] defaultcredentials: writing to file C:\Users\SUSANTA DAS\AppData\Roaming\firebase\2003subhasusanta_gmail_com_application_default_credentials.json
[debug] [2023-09-15T08:29:06.385Z] Setting GAC to C:\Users\SUSANTA DAS\AppData\Roaming\firebase\2003subhasusanta_gmail_com_application_default_credentials.json {"metadata":{"emulator":{"name":"functions"},"message":"Setting GAC to C:\\Users\\SUSANTA DAS\\AppData\\Roaming\\firebase\\2003subhasusanta_gmail_com_application_default_credentials.json"}}
[debug] [2023-09-15T08:29:06.386Z] > refreshing access token with scopes: []
[debug] [2023-09-15T08:29:06.387Z] >>> [apiv2][query] POST https://www.googleapis.com/oauth2/v3/token [none]
[debug] [2023-09-15T08:29:06.388Z] >>> [apiv2][body] POST https://www.googleapis.com/oauth2/v3/token [omitted]
[debug] [2023-09-15T08:29:06.678Z] <<< [apiv2][status] POST https://www.googleapis.com/oauth2/v3/token 200
[debug] [2023-09-15T08:29:06.679Z] <<< [apiv2][body] POST https://www.googleapis.com/oauth2/v3/token [omitted]
[debug] [2023-09-15T08:29:06.687Z] >>> [apiv2][query] GET https://firebase.googleapis.com/v1beta1/projects/clone-c7a43/adminSdkConfig [none]
[debug] [2023-09-15T08:29:07.036Z] <<< [apiv2][status] GET https://firebase-public.firebaseio.com/cli.json 200
[debug] [2023-09-15T08:29:07.036Z] <<< [apiv2][body] GET https://firebase-public.firebaseio.com/cli.json {"cloudBuildErrorAfter":1594252800000,"cloudBuildWarnAfter":1590019200000,"defaultNode10After":1594252800000,"minVersion":"3.0.5","node8DeploysDisabledAfter":1613390400000,"node8RuntimeDisabledAfter":1615809600000,"node8WarnAfter":1600128000000}
[debug] [2023-09-15T08:29:07.203Z] <<< [apiv2][status] GET https://firebase.googleapis.com/v1beta1/projects/clone-c7a43/adminSdkConfig 200
[debug] [2023-09-15T08:29:07.204Z] <<< [apiv2][body] GET https://firebase.googleapis.com/v1beta1/projects/clone-c7a43/adminSdkConfig {"projectId":"clone-c7a43","storageBucket":"clone-c7a43.appspot.com"}
[debug] [2023-09-15T08:29:07.234Z] >>> [apiv2][query] GET https://firebasehosting.googleapis.com/v1beta1/projects/clone-c7a43/sites 
[debug] [2023-09-15T08:29:08.681Z] <<< [apiv2][status] GET https://firebasehosting.googleapis.com/v1beta1/projects/clone-c7a43/sites 200
[debug] [2023-09-15T08:29:08.681Z] <<< [apiv2][body] GET https://firebasehosting.googleapis.com/v1beta1/projects/clone-c7a43/sites {"sites":[{"name":"projects/clone-c7a43/sites/clone-c7a43","defaultUrl":"https://clone-c7a43.web.app","appId":"1:1011838501355:web:1d0106f19d935cdd8099ae","type":"DEFAULT_SITE"}]}
[debug] [2023-09-15T08:29:08.681Z] >>> [apiv2][query] GET https://firebase.googleapis.com/v1beta1/projects/clone-c7a43/webApps/1:1011838501355:web:1d0106f19d935cdd8099ae/config [none]
[debug] [2023-09-15T08:29:10.197Z] <<< [apiv2][status] GET https://firebase.googleapis.com/v1beta1/projects/clone-c7a43/webApps/1:1011838501355:web:1d0106f19d935cdd8099ae/config 200
[debug] [2023-09-15T08:29:10.197Z] <<< [apiv2][body] GET https://firebase.googleapis.com/v1beta1/projects/clone-c7a43/webApps/1:1011838501355:web:1d0106f19d935cdd8099ae/config {"projectId":"clone-c7a43","appId":"1:1011838501355:web:1d0106f19d935cdd8099ae","storageBucket":"clone-c7a43.appspot.com","apiKey":"AIzaSyDfmsFyo-re8K7-EkXWOdSNAEhXn5DlqKA","authDomain":"clone-c7a43.firebaseapp.com","messagingSenderId":"1011838501355","measurementId":"G-NCZ4Q2FGR5"}
[debug] [2023-09-15T08:29:10.203Z] >>> [apiv2][query] GET https://firebase.googleapis.com/v1beta1/projects/clone-c7a43 [none]
[debug] [2023-09-15T08:29:10.815Z] <<< [apiv2][status] GET https://firebase.googleapis.com/v1beta1/projects/clone-c7a43 200
[debug] [2023-09-15T08:29:10.815Z] <<< [apiv2][body] GET https://firebase.googleapis.com/v1beta1/projects/clone-c7a43 {"projectId":"clone-c7a43","projectNumber":"1011838501355","displayName":"amazon-clone","name":"projects/clone-c7a43","resources":{"hostingSite":"clone-c7a43"},"state":"ACTIVE","etag":"1_b7feef73-e8bc-4036-bc0d-d69a79a87886"}
[info] i  hosting[clone-c7a43]: Serving hosting files from: build {"metadata":{"emulator":{"name":"hosting"},"message":"Serving hosting files from: \u001b[1mbuild\u001b[22m"}}
[info] +  hosting[clone-c7a43]: Local server: http://127.0.0.1:5000 {"metadata":{"emulator":{"name":"hosting"},"message":"Local server: \u001b[4m\u001b[1mhttp://127.0.0.1:5000\u001b[22m\u001b[24m"}}
[debug] [2023-09-15T08:29:10.851Z] Ignoring unsupported arg: auto_download {"metadata":{"emulator":{"name":"ui"},"message":"Ignoring unsupported arg: auto_download"}}
[debug] [2023-09-15T08:29:10.852Z] Ignoring unsupported arg: port {"metadata":{"emulator":{"name":"ui"},"message":"Ignoring unsupported arg: port"}}
[debug] [2023-09-15T08:29:10.852Z] Starting Emulator UI with command {"binary":"node","args":["C:\\Users\\SUSANTA DAS\\.cache\\firebase\\emulators\\ui-v1.11.7\\server\\server.js"],"optionalArgs":[],"joinArgs":false} {"metadata":{"emulator":{"name":"ui"},"message":"Starting Emulator UI with command {\"binary\":\"node\",\"args\":[\"C:\\\\Users\\\\SUSANTA DAS\\\\.cache\\\\firebase\\\\emulators\\\\ui-v1.11.7\\\\server\\\\server.js\"],\"optionalArgs\":[],\"joinArgs\":false}"}}
[info] i  ui: Emulator UI logging to ui-debug.log {"metadata":{"emulator":{"name":"ui"},"message":"Emulator UI logging to \u001b[1mui-debug.log\u001b[22m"}}
[debug] [2023-09-15T08:29:10.971Z] Web / API server started at 127.0.0.1:4000
 {"metadata":{"emulator":{"name":"ui"},"message":"Web / API server started at 127.0.0.1:4000\n"}}
[debug] [2023-09-15T08:29:10.971Z] Web / API server started at ::1:4000
 {"metadata":{"emulator":{"name":"ui"},"message":"Web / API server started at ::1:4000\n"}}
[info] i  functions: Watching "C:\Users\SUSANTA DAS\Desktop\React\amazon-clone\functions" for Cloud Functions... {"metadata":{"emulator":{"name":"functions"},"message":"Watching \"C:\\Users\\SUSANTA DAS\\Desktop\\React\\amazon-clone\\functions\" for Cloud Functions..."}}
[debug] [2023-09-15T08:29:11.126Z] Validating nodejs source
[debug] [2023-09-15T08:29:12.510Z] > [functions] package.json contents: {
  "name": "functions",
  "description": "Cloud Functions for Firebase",
  "scripts": {
    "lint": "eslint .",
    "serve": "firebase emulators:start --only functions",
    "shell": "firebase functions:shell",
    "start": "npm run shell",
    "deploy": "firebase deploy --only functions",
    "logs": "firebase functions:log"
  },
  "engines": {
    "node": "18"
  },
  "main": "index.js",
  "dependencies": {
    "cors": "^2.8.5",
    "express": "^4.18.2",
    "firebase-admin": "^11.8.0",
    "firebase-functions": "^4.3.1",
    "stripe": "^13.5.0"
  },
  "devDependencies": {
    "eslint": "^8.15.0",
    "eslint-config-google": "^0.14.0",
    "firebase-functions-test": "^3.1.0"
  },
  "private": true
}
[debug] [2023-09-15T08:29:12.510Z] Building nodejs source
[debug] [2023-09-15T08:29:12.511Z] Failed to find version of module node: reached end of search path C:\Users\SUSANTA DAS\Desktop\React\amazon-clone\functions\node_modules
[info] +  functions: Using node@18 from host. 
[debug] [2023-09-15T08:29:12.513Z] Could not find functions.yaml. Must use http discovery
[debug] [2023-09-15T08:29:12.520Z] Found firebase-functions binary at 'C:\Users\SUSANTA DAS\Desktop\React\amazon-clone\functions\node_modules\.bin\firebase-functions'
[info] Serving at port 8627

[debug] [2023-09-15T08:29:13.488Z] Got response from /__/functions.yaml {"endpoints":{"api":{"platform":"gcfv1","availableMemoryMb":null,"timeoutSeconds":null,"minInstances":null,"maxInstances":null,"ingressSettings":null,"serviceAccountEmail":null,"vpc":null,"httpsTrigger":{},"entryPoint":"api"}},"specVersion":"v1alpha1","requiredAPIs":[]}
[info] shutdown requested via /__/quitquitquit

[info] +  functions: Loaded functions definitions from source: api. {"metadata":{"emulator":{"name":"functions"},"message":"Loaded functions definitions from source: api."}}
[info] +  functions[us-central1-api]: http function initialized (http://127.0.0.1:5001/clone-c7a43/us-central1/api). {"metadata":{"emulator":{"name":"functions"},"message":"\u001b[1mhttp\u001b[22m function initialized (http://127.0.0.1:5001/clone-c7a43/us-central1/api)."}}
[info] 
┌─────────────────────────────────────────────────────────────┐
│ ✔  All emulators ready! It is now safe to connect your app. │
│ i  View Emulator UI at http://127.0.0.1:4000/               │
└─────────────────────────────────────────────────────────────┘

┌───────────┬────────────────┬─────────────────────────────────┐
│ Emulator  │ Host:Port      │ View in Emulator UI             │
├───────────┼────────────────┼─────────────────────────────────┤
│ Functions │ 127.0.0.1:5001 │ http://127.0.0.1:4000/functions │
├───────────┼────────────────┼─────────────────────────────────┤
│ Hosting   │ 127.0.0.1:5000 │ n/a                             │
└───────────┴────────────────┴─────────────────────────────────┘
  Emulator Hub running at 127.0.0.1:4400
  Other reserved ports: 4500

Issues? Report them at https://github.com/firebase/firebase-tools/issues and attach the *-debug.log files.
 
[debug] [2023-09-15T08:29:43.834Z] [work-queue] {"queuedWork":["/clone-c7a43/us-central1/api/payments/create-2023-09-15T08:29:43.834Z"],"queueLength":1,"runningWork":[],"workRunningCount":0}
[debug] [2023-09-15T08:29:43.834Z] [work-queue] {"queuedWork":[],"queueLength":0,"runningWork":["/clone-c7a43/us-central1/api/payments/create-2023-09-15T08:29:43.834Z"],"workRunningCount":1}
[debug] [2023-09-15T08:29:43.835Z] Accepted request POST /clone-c7a43/us-central1/api/payments/create?total=2196 --> us-central1-api
[debug] [2023-09-15T08:29:43.840Z] [functions] Runtime ready! Sending request! {"metadata":{"emulator":{"name":"functions"},"message":"[functions] Runtime ready! Sending request!"}}
[debug] [2023-09-15T08:29:43.842Z] [functions] Got req.url=/clone-c7a43/us-central1/api/payments/create?total=2196, mapping to path=/payments/create?total=2196 {"metadata":{"emulator":{"name":"functions"},"message":"[functions] Got req.url=/clone-c7a43/us-central1/api/payments/create?total=2196, mapping to path=/payments/create?total=2196"}}
[debug] [2023-09-15T08:29:43.856Z] [worker-pool] addWorker(us-central1-api) {"metadata":{"emulator":{"name":"functions"},"message":"[worker-pool] addWorker(us-central1-api)"}}
[debug] [2023-09-15T08:29:43.857Z] [worker-pool] Adding worker with key us-central1-api, total=1 {"metadata":{"emulator":{"name":"functions"},"message":"[worker-pool] Adding worker with key us-central1-api, total=1"}}
[debug] [2023-09-15T08:29:43.861Z] [work-queue] {"queuedWork":["/clone-c7a43/us-central1/api/payments/create-2023-09-15T08:29:43.861Z"],"queueLength":1,"runningWork":["/clone-c7a43/us-central1/api/payments/create-2023-09-15T08:29:43.834Z"],"workRunningCount":1}
[debug] [2023-09-15T08:29:43.861Z] [work-queue] {"queuedWork":[],"queueLength":0,"runningWork":["/clone-c7a43/us-central1/api/payments/create-2023-09-15T08:29:43.834Z","/clone-c7a43/us-central1/api/payments/create-2023-09-15T08:29:43.861Z"],"workRunningCount":2}
[debug] [2023-09-15T08:29:43.861Z] Accepted request POST /clone-c7a43/us-central1/api/payments/create?total=2196 --> us-central1-api
[debug] [2023-09-15T08:29:43.864Z] [functions] Runtime ready! Sending request! {"metadata":{"emulator":{"name":"functions"},"message":"[functions] Runtime ready! Sending request!"}}
[debug] [2023-09-15T08:29:43.864Z] [functions] Got req.url=/clone-c7a43/us-central1/api/payments/create?total=2196, mapping to path=/payments/create?total=2196 {"metadata":{"emulator":{"name":"functions"},"message":"[functions] Got req.url=/clone-c7a43/us-central1/api/payments/create?total=2196, mapping to path=/payments/create?total=2196"}}
[debug] [2023-09-15T08:29:43.872Z] [worker-pool] addWorker(us-central1-api) {"metadata":{"emulator":{"name":"functions"},"message":"[worker-pool] addWorker(us-central1-api)"}}
[debug] [2023-09-15T08:29:43.873Z] [worker-pool] Adding worker with key us-central1-api, total=2 {"metadata":{"emulator":{"name":"functions"},"message":"[worker-pool] Adding worker with key us-central1-api, total=2"}}
[debug] [2023-09-15T08:29:45.116Z] [runtime-status] [17872] Resolved module firebase-admin {"declared":true,"installed":true,"version":"11.10.1","resolution":"C:\\Users\\SUSANTA DAS\\Desktop\\React\\amazon-clone\\functions\\node_modules\\firebase-admin\\lib\\index.js"} {"metadata":{"emulator":{"name":"functions"},"function":{"name":"us-central1-api"},"extension":{},"message":"[runtime-status] [17872] Resolved module firebase-admin {\"declared\":true,\"installed\":true,\"version\":\"11.10.1\",\"resolution\":\"C:\\\\Users\\\\SUSANTA DAS\\\\Desktop\\\\React\\\\amazon-clone\\\\functions\\\\node_modules\\\\firebase-admin\\\\lib\\\\index.js\"}"}}
[debug] [2023-09-15T08:29:45.117Z] [runtime-status] [21596] Resolved module firebase-admin {"declared":true,"installed":true,"version":"11.10.1","resolution":"C:\\Users\\SUSANTA DAS\\Desktop\\React\\amazon-clone\\functions\\node_modules\\firebase-admin\\lib\\index.js"} {"metadata":{"emulator":{"name":"functions"},"function":{"name":"us-central1-api"},"extension":{},"message":"[runtime-status] [21596] Resolved module firebase-admin {\"declared\":true,\"installed\":true,\"version\":\"11.10.1\",\"resolution\":\"C:\\\\Users\\\\SUSANTA DAS\\\\Desktop\\\\React\\\\amazon-clone\\\\functions\\\\node_modules\\\\firebase-admin\\\\lib\\\\index.js\"}"}}
[debug] [2023-09-15T08:29:45.117Z] [runtime-status] [17872] Resolved module firebase-functions {"declared":true,"installed":true,"version":"4.4.1","resolution":"C:\\Users\\SUSANTA DAS\\Desktop\\React\\amazon-clone\\functions\\node_modules\\firebase-functions\\lib\\v1\\index.js"} {"metadata":{"emulator":{"name":"functions"},"function":{"name":"us-central1-api"},"extension":{},"message":"[runtime-status] [17872] Resolved module firebase-functions {\"declared\":true,\"installed\":true,\"version\":\"4.4.1\",\"resolution\":\"C:\\\\Users\\\\SUSANTA DAS\\\\Desktop\\\\React\\\\amazon-clone\\\\functions\\\\node_modules\\\\firebase-functions\\\\lib\\\\v1\\\\index.js\"}"}}
[debug] [2023-09-15T08:29:45.118Z] [runtime-status] [17872] Outgoing network have been stubbed. [{"name":"http","status":"mocked"},{"name":"http","status":"mocked"},{"name":"https","status":"mocked"},{"name":"https","status":"mocked"},{"name":"net","status":"mocked"}] {"metadata":{"emulator":{"name":"functions"},"function":{"name":"us-central1-api"},"extension":{},"message":"[runtime-status] [17872] Outgoing network have been stubbed. [{\"name\":\"http\",\"status\":\"mocked\"},{\"name\":\"http\",\"status\":\"mocked\"},{\"name\":\"https\",\"status\":\"mocked\"},{\"name\":\"https\",\"status\":\"mocked\"},{\"name\":\"net\",\"status\":\"mocked\"}]"}}
[debug] [2023-09-15T08:29:45.118Z] [runtime-status] [21596] Resolved module firebase-functions {"declared":true,"installed":true,"version":"4.4.1","resolution":"C:\\Users\\SUSANTA DAS\\Desktop\\React\\amazon-clone\\functions\\node_modules\\firebase-functions\\lib\\v1\\index.js"} {"metadata":{"emulator":{"name":"functions"},"function":{"name":"us-central1-api"},"extension":{},"message":"[runtime-status] [21596] Resolved module firebase-functions {\"declared\":true,\"installed\":true,\"version\":\"4.4.1\",\"resolution\":\"C:\\\\Users\\\\SUSANTA DAS\\\\Desktop\\\\React\\\\amazon-clone\\\\functions\\\\node_modules\\\\firebase-functions\\\\lib\\\\v1\\\\index.js\"}"}}
[debug] [2023-09-15T08:29:45.119Z] [runtime-status] [17872] Resolved module firebase-functions {"declared":true,"installed":true,"version":"4.4.1","resolution":"C:\\Users\\SUSANTA DAS\\Desktop\\React\\amazon-clone\\functions\\node_modules\\firebase-functions\\lib\\v1\\index.js"} {"metadata":{"emulator":{"name":"functions"},"function":{"name":"us-central1-api"},"extension":{},"message":"[runtime-status] [17872] Resolved module firebase-functions {\"declared\":true,\"installed\":true,\"version\":\"4.4.1\",\"resolution\":\"C:\\\\Users\\\\SUSANTA DAS\\\\Desktop\\\\React\\\\amazon-clone\\\\functions\\\\node_modules\\\\firebase-functions\\\\lib\\\\v1\\\\index.js\"}"}}
[debug] [2023-09-15T08:29:45.119Z] [runtime-status] [21596] Outgoing network have been stubbed. [{"name":"http","status":"mocked"},{"name":"http","status":"mocked"},{"name":"https","status":"mocked"},{"name":"https","status":"mocked"},{"name":"net","status":"mocked"}] {"metadata":{"emulator":{"name":"functions"},"function":{"name":"us-central1-api"},"extension":{},"message":"[runtime-status] [21596] Outgoing network have been stubbed. [{\"name\":\"http\",\"status\":\"mocked\"},{\"name\":\"http\",\"status\":\"mocked\"},{\"name\":\"https\",\"status\":\"mocked\"},{\"name\":\"https\",\"status\":\"mocked\"},{\"name\":\"net\",\"status\":\"mocked\"}]"}}
[debug] [2023-09-15T08:29:45.120Z] [runtime-status] [21596] Resolved module firebase-functions {"declared":true,"installed":true,"version":"4.4.1","resolution":"C:\\Users\\SUSANTA DAS\\Desktop\\React\\amazon-clone\\functions\\node_modules\\firebase-functions\\lib\\v1\\index.js"} {"metadata":{"emulator":{"name":"functions"},"function":{"name":"us-central1-api"},"extension":{},"message":"[runtime-status] [21596] Resolved module firebase-functions {\"declared\":true,\"installed\":true,\"version\":\"4.4.1\",\"resolution\":\"C:\\\\Users\\\\SUSANTA DAS\\\\Desktop\\\\React\\\\amazon-clone\\\\functions\\\\node_modules\\\\firebase-functions\\\\lib\\\\v1\\\\index.js\"}"}}
[debug] [2023-09-15T08:29:45.365Z] [runtime-status] [21596] Checked functions.config() {"config":{}} {"metadata":{"emulator":{"name":"functions"},"function":{"name":"us-central1-api"},"extension":{},"message":"[runtime-status] [21596] Checked functions.config() {\"config\":{}}"}}
[debug] [2023-09-15T08:29:45.366Z] [runtime-status] [17872] Checked functions.config() {"config":{}} {"metadata":{"emulator":{"name":"functions"},"function":{"name":"us-central1-api"},"extension":{},"message":"[runtime-status] [17872] Checked functions.config() {\"config\":{}}"}}
[debug] [2023-09-15T08:29:45.366Z] [runtime-status] [17872] firebase-functions has been stubbed. {"functionsResolution":{"declared":true,"installed":true,"version":"4.4.1","resolution":"C:\\Users\\SUSANTA DAS\\Desktop\\React\\amazon-clone\\functions\\node_modules\\firebase-functions\\lib\\v1\\index.js"}} {"metadata":{"emulator":{"name":"functions"},"function":{"name":"us-central1-api"},"extension":{},"message":"[runtime-status] [17872] firebase-functions has been stubbed. {\"functionsResolution\":{\"declared\":true,\"installed\":true,\"version\":\"4.4.1\",\"resolution\":\"C:\\\\Users\\\\SUSANTA DAS\\\\Desktop\\\\React\\\\amazon-clone\\\\functions\\\\node_modules\\\\firebase-functions\\\\lib\\\\v1\\\\index.js\"}}"}}
[debug] [2023-09-15T08:29:45.367Z] [runtime-status] [21596] firebase-functions has been stubbed. {"functionsResolution":{"declared":true,"installed":true,"version":"4.4.1","resolution":"C:\\Users\\SUSANTA DAS\\Desktop\\React\\amazon-clone\\functions\\node_modules\\firebase-functions\\lib\\v1\\index.js"}} {"metadata":{"emulator":{"name":"functions"},"function":{"name":"us-central1-api"},"extension":{},"message":"[runtime-status] [21596] firebase-functions has been stubbed. {\"functionsResolution\":{\"declared\":true,\"installed\":true,\"version\":\"4.4.1\",\"resolution\":\"C:\\\\Users\\\\SUSANTA DAS\\\\Desktop\\\\React\\\\amazon-clone\\\\functions\\\\node_modules\\\\firebase-functions\\\\lib\\\\v1\\\\index.js\"}}"}}
[debug] [2023-09-15T08:29:45.367Z] [runtime-status] [17872] Resolved module firebase-functions {"declared":true,"installed":true,"version":"4.4.1","resolution":"C:\\Users\\SUSANTA DAS\\Desktop\\React\\amazon-clone\\functions\\node_modules\\firebase-functions\\lib\\v1\\index.js"} {"metadata":{"emulator":{"name":"functions"},"function":{"name":"us-central1-api"},"extension":{},"message":"[runtime-status] [17872] Resolved module firebase-functions {\"declared\":true,\"installed\":true,\"version\":\"4.4.1\",\"resolution\":\"C:\\\\Users\\\\SUSANTA DAS\\\\Desktop\\\\React\\\\amazon-clone\\\\functions\\\\node_modules\\\\firebase-functions\\\\lib\\\\v1\\\\index.js\"}"}}
[debug] [2023-09-15T08:29:45.367Z] [runtime-status] [21596] Resolved module firebase-functions {"declared":true,"installed":true,"version":"4.4.1","resolution":"C:\\Users\\SUSANTA DAS\\Desktop\\React\\amazon-clone\\functions\\node_modules\\firebase-functions\\lib\\v1\\index.js"} {"metadata":{"emulator":{"name":"functions"},"function":{"name":"us-central1-api"},"extension":{},"message":"[runtime-status] [21596] Resolved module firebase-functions {\"declared\":true,\"installed\":true,\"version\":\"4.4.1\",\"resolution\":\"C:\\\\Users\\\\SUSANTA DAS\\\\Desktop\\\\React\\\\amazon-clone\\\\functions\\\\node_modules\\\\firebase-functions\\\\lib\\\\v1\\\\index.js\"}"}}
[debug] [2023-09-15T08:29:45.368Z] [runtime-status] [21596] Resolved module firebase-admin {"declared":true,"installed":true,"version":"11.10.1","resolution":"C:\\Users\\SUSANTA DAS\\Desktop\\React\\amazon-clone\\functions\\node_modules\\firebase-admin\\lib\\index.js"} {"metadata":{"emulator":{"name":"functions"},"function":{"name":"us-central1-api"},"extension":{},"message":"[runtime-status] [21596] Resolved module firebase-admin {\"declared\":true,\"installed\":true,\"version\":\"11.10.1\",\"resolution\":\"C:\\\\Users\\\\SUSANTA DAS\\\\Desktop\\\\React\\\\amazon-clone\\\\functions\\\\node_modules\\\\firebase-admin\\\\lib\\\\index.js\"}"}}
[debug] [2023-09-15T08:29:45.368Z] [runtime-status] [17872] Resolved module firebase-admin {"declared":true,"installed":true,"version":"11.10.1","resolution":"C:\\Users\\SUSANTA DAS\\Desktop\\React\\amazon-clone\\functions\\node_modules\\firebase-admin\\lib\\index.js"} {"metadata":{"emulator":{"name":"functions"},"function":{"name":"us-central1-api"},"extension":{},"message":"[runtime-status] [17872] Resolved module firebase-admin {\"declared\":true,\"installed\":true,\"version\":\"11.10.1\",\"resolution\":\"C:\\\\Users\\\\SUSANTA DAS\\\\Desktop\\\\React\\\\amazon-clone\\\\functions\\\\node_modules\\\\firebase-admin\\\\lib\\\\index.js\"}"}}
[debug] [2023-09-15T08:29:45.373Z] [runtime-status] [17872] Resolved module firebase-functions {"declared":true,"installed":true,"version":"4.4.1","resolution":"C:\\Users\\SUSANTA DAS\\Desktop\\React\\amazon-clone\\functions\\node_modules\\firebase-functions\\lib\\v1\\index.js"} {"metadata":{"emulator":{"name":"functions"},"function":{"name":"us-central1-api"},"extension":{},"message":"[runtime-status] [17872] Resolved module firebase-functions {\"declared\":true,\"installed\":true,\"version\":\"4.4.1\",\"resolution\":\"C:\\\\Users\\\\SUSANTA DAS\\\\Desktop\\\\React\\\\amazon-clone\\\\functions\\\\node_modules\\\\firebase-functions\\\\lib\\\\v1\\\\index.js\"}"}}
[debug] [2023-09-15T08:29:45.374Z] [runtime-status] [21596] Resolved module firebase-functions {"declared":true,"installed":true,"version":"4.4.1","resolution":"C:\\Users\\SUSANTA DAS\\Desktop\\React\\amazon-clone\\functions\\node_modules\\firebase-functions\\lib\\v1\\index.js"} {"metadata":{"emulator":{"name":"functions"},"function":{"name":"us-central1-api"},"extension":{},"message":"[runtime-status] [21596] Resolved module firebase-functions {\"declared\":true,\"installed\":true,\"version\":\"4.4.1\",\"resolution\":\"C:\\\\Users\\\\SUSANTA DAS\\\\Desktop\\\\React\\\\amazon-clone\\\\functions\\\\node_modules\\\\firebase-functions\\\\lib\\\\v1\\\\index.js\"}"}}
[debug] [2023-09-15T08:29:45.374Z] [runtime-status] [21596] firebase-admin has been stubbed. {"adminResolution":{"declared":true,"installed":true,"version":"11.10.1","resolution":"C:\\Users\\SUSANTA DAS\\Desktop\\React\\amazon-clone\\functions\\node_modules\\firebase-admin\\lib\\index.js"}} {"metadata":{"emulator":{"name":"functions"},"function":{"name":"us-central1-api"},"extension":{},"message":"[runtime-status] [21596] firebase-admin has been stubbed. {\"adminResolution\":{\"declared\":true,\"installed\":true,\"version\":\"11.10.1\",\"resolution\":\"C:\\\\Users\\\\SUSANTA DAS\\\\Desktop\\\\React\\\\amazon-clone\\\\functions\\\\node_modules\\\\firebase-admin\\\\lib\\\\index.js\"}}"}}
[debug] [2023-09-15T08:29:45.374Z] [runtime-status] [17872] firebase-admin has been stubbed. {"adminResolution":{"declared":true,"installed":true,"version":"11.10.1","resolution":"C:\\Users\\SUSANTA DAS\\Desktop\\React\\amazon-clone\\functions\\node_modules\\firebase-admin\\lib\\index.js"}} {"metadata":{"emulator":{"name":"functions"},"function":{"name":"us-central1-api"},"extension":{},"message":"[runtime-status] [17872] firebase-admin has been stubbed. {\"adminResolution\":{\"declared\":true,\"installed\":true,\"version\":\"11.10.1\",\"resolution\":\"C:\\\\Users\\\\SUSANTA DAS\\\\Desktop\\\\React\\\\amazon-clone\\\\functions\\\\node_modules\\\\firebase-admin\\\\lib\\\\index.js\"}}"}}
[debug] [2023-09-15T08:29:45.549Z] [runtime-status] [17872] Functions runtime initialized. {"cwd":"C:\\Users\\SUSANTA DAS\\Desktop\\React\\amazon-clone\\functions","node_version":"18.15.0"} {"metadata":{"emulator":{"name":"functions"},"function":{"name":"us-central1-api"},"extension":{},"message":"[runtime-status] [17872] Functions runtime initialized. {\"cwd\":\"C:\\\\Users\\\\SUSANTA DAS\\\\Desktop\\\\React\\\\amazon-clone\\\\functions\",\"node_version\":\"18.15.0\"}"}}
[debug] [2023-09-15T08:29:45.549Z] [runtime-status] [17872] Listening to port: \\?\pipe\fire_emu_f5c197c63b3630de {"metadata":{"emulator":{"name":"functions"},"function":{"name":"us-central1-api"},"extension":{},"message":"[runtime-status] [17872] Listening to port: \\\\?\\pipe\\fire_emu_f5c197c63b3630de"}}
[debug] [2023-09-15T08:29:45.551Z] [runtime-status] [21596] Functions runtime initialized. {"cwd":"C:\\Users\\SUSANTA DAS\\Desktop\\React\\amazon-clone\\functions","node_version":"18.15.0"} {"metadata":{"emulator":{"name":"functions"},"function":{"name":"us-central1-api"},"extension":{},"message":"[runtime-status] [21596] Functions runtime initialized. {\"cwd\":\"C:\\\\Users\\\\SUSANTA DAS\\\\Desktop\\\\React\\\\amazon-clone\\\\functions\",\"node_version\":\"18.15.0\"}"}}
[debug] [2023-09-15T08:29:45.551Z] [runtime-status] [21596] Listening to port: \\?\pipe\fire_emu_c2939ea327de76d6 {"metadata":{"emulator":{"name":"functions"},"function":{"name":"us-central1-api"},"extension":{},"message":"[runtime-status] [21596] Listening to port: \\\\?\\pipe\\fire_emu_c2939ea327de76d6"}}
[debug] [2023-09-15T08:29:45.603Z] [worker-us-central1-api-f85b1b5d-b42a-4648-b421-efa832994903]: IDLE {"metadata":{"emulator":{"name":"functions"},"function":{"name":"us-central1-api"},"extension":{},"message":"[worker-us-central1-api-f85b1b5d-b42a-4648-b421-efa832994903]: IDLE"}}
[debug] [2023-09-15T08:29:45.603Z] [worker-pool] submitRequest(triggerId=us-central1-api) {"metadata":{"emulator":{"name":"functions"},"message":"[worker-pool] submitRequest(triggerId=us-central1-api)"}}
[info] i  functions: Beginning execution of "us-central1-api" {"metadata":{"emulator":{"name":"functions"},"function":{"name":"us-central1-api"},"extension":{},"message":"Beginning execution of \"us-central1-api\""}}
[debug] [2023-09-15T08:29:45.604Z] [worker-us-central1-api-f85b1b5d-b42a-4648-b421-efa832994903]: BUSY {"metadata":{"emulator":{"name":"functions"},"function":{"name":"us-central1-api"},"extension":{},"message":"[worker-us-central1-api-f85b1b5d-b42a-4648-b421-efa832994903]: BUSY"}}
[info] >  Payment Request Recieved for this amount >>>  2196 {"user":"Payment Request Recieved for this amount >>>  2196","metadata":{"emulator":{"name":"functions"},"function":{"name":"us-central1-api"},"extension":{},"message":"\u001b[90m> \u001b[39m Payment Request Recieved for this amount >>>  2196"}}
[debug] [2023-09-15T08:29:45.616Z] [worker-us-central1-api-14785387-eff3-4fe9-b315-a9aaa50c28e9]: IDLE {"metadata":{"emulator":{"name":"functions"},"function":{"name":"us-central1-api"},"extension":{},"message":"[worker-us-central1-api-14785387-eff3-4fe9-b315-a9aaa50c28e9]: IDLE"}}
[debug] [2023-09-15T08:29:45.617Z] [worker-pool] submitRequest(triggerId=us-central1-api) {"metadata":{"emulator":{"name":"functions"},"message":"[worker-pool] submitRequest(triggerId=us-central1-api)"}}
[info] i  functions: Beginning execution of "us-central1-api" {"metadata":{"emulator":{"name":"functions"},"function":{"name":"us-central1-api"},"extension":{},"message":"Beginning execution of \"us-central1-api\""}}
[debug] [2023-09-15T08:29:45.618Z] [worker-us-central1-api-14785387-eff3-4fe9-b315-a9aaa50c28e9]: BUSY {"metadata":{"emulator":{"name":"functions"},"function":{"name":"us-central1-api"},"extension":{},"message":"[worker-us-central1-api-14785387-eff3-4fe9-b315-a9aaa50c28e9]: BUSY"}}
[info] >  Payment Request Recieved for this amount >>>  2196 {"user":"Payment Request Recieved for this amount >>>  2196","metadata":{"emulator":{"name":"functions"},"function":{"name":"us-central1-api"},"extension":{},"message":"\u001b[90m> \u001b[39m Payment Request Recieved for this amount >>>  2196"}}
[debug] [2023-09-15T08:29:46.105Z] Finishing up request with event=pause {"metadata":{"emulator":{"name":"functions"},"function":{"name":"us-central1-api"},"extension":{},"message":"Finishing up request with event=pause"}}
[info] i  functions: Finished "us-central1-api" in 487.9391ms {"metadata":{"emulator":{"name":"functions"},"function":{"name":"us-central1-api"},"extension":{},"message":"Finished \"us-central1-api\" in 487.9391ms"}}
[debug] [2023-09-15T08:29:46.106Z] [worker-us-central1-api-14785387-eff3-4fe9-b315-a9aaa50c28e9]: IDLE {"metadata":{"emulator":{"name":"functions"},"function":{"name":"us-central1-api"},"extension":{},"message":"[worker-us-central1-api-14785387-eff3-4fe9-b315-a9aaa50c28e9]: IDLE"}}
[debug] [2023-09-15T08:29:46.106Z] Finishing up request with event=finish {"metadata":{"emulator":{"name":"functions"},"function":{"name":"us-central1-api"},"extension":{},"message":"Finishing up request with event=finish"}}
[debug] [2023-09-15T08:29:46.106Z] Finishing up request with event=close {"metadata":{"emulator":{"name":"functions"},"function":{"name":"us-central1-api"},"extension":{},"message":"Finishing up request with event=close"}}
[debug] [2023-09-15T08:29:46.107Z] [work-queue] {"queuedWork":[],"queueLength":0,"runningWork":["/clone-c7a43/us-central1/api/payments/create-2023-09-15T08:29:43.834Z"],"workRunningCount":1}
[debug] [2023-09-15T08:29:46.110Z] Finishing up request with event=pause {"metadata":{"emulator":{"name":"functions"},"function":{"name":"us-central1-api"},"extension":{},"message":"Finishing up request with event=pause"}}
[info] i  functions: Finished "us-central1-api" in 505.8843ms {"metadata":{"emulator":{"name":"functions"},"function":{"name":"us-central1-api"},"extension":{},"message":"Finished \"us-central1-api\" in 505.8843ms"}}
[debug] [2023-09-15T08:29:46.111Z] [worker-us-central1-api-f85b1b5d-b42a-4648-b421-efa832994903]: IDLE {"metadata":{"emulator":{"name":"functions"},"function":{"name":"us-central1-api"},"extension":{},"message":"[worker-us-central1-api-f85b1b5d-b42a-4648-b421-efa832994903]: IDLE"}}
[debug] [2023-09-15T08:29:46.111Z] Finishing up request with event=finish {"metadata":{"emulator":{"name":"functions"},"function":{"name":"us-central1-api"},"extension":{},"message":"Finishing up request with event=finish"}}
[debug] [2023-09-15T08:29:46.111Z] Finishing up request with event=close {"metadata":{"emulator":{"name":"functions"},"function":{"name":"us-central1-api"},"extension":{},"message":"Finishing up request with event=close"}}
[debug] [2023-09-15T08:29:46.111Z] [work-queue] {"queuedWork":[],"queueLength":0,"runningWork":[],"workRunningCount":0}
